<?xml version="1.0" encoding="UTF-8"?>
<!-- Generated by org.testng.reporters.JUnitXMLReporter -->
<testsuite hostname="Tarique-PC" name="Default test" tests="1" failures="0" timestamp="31 Oct 2017 11:48:09 GMT" time="0.05" errors="0">
  <testcase name="@BeforeClass initializeBase" time="0.0" classname="com.Test.ForgotPasswordTest">
    <failure type="org.testng.TestNGException" message="
Parameter &amp;apos;appURL&amp;apos; is required by @Configuration on method initializeBase but has not been marked @Optional or defined
in C:\Users\Tarique\AppData\Local\Temp\testng-eclipse--121025453\testng-customsuite.xml">
      <![CDATA[org.testng.TestNGException: 
Parameter 'appURL' is required by @Configuration on method initializeBase but has not been marked @Optional or defined
in C:\Users\Tarique\AppData\Local\Temp\testng-eclipse--121025453\testng-customsuite.xml
	at org.testng.internal.Parameters.createParameters(Parameters.java:154)
	at org.testng.internal.Parameters.createParameters(Parameters.java:361)
	at org.testng.internal.Parameters.createConfigurationParameters(Parameters.java:84)
	at org.testng.internal.Invoker.invokeConfigurations(Invoker.java:197)
	at org.testng.internal.Invoker.invokeConfigurations(Invoker.java:138)
	at org.testng.internal.TestMethodWorker.invokeBeforeClassMethods(TestMethodWorker.java:170)
	at org.testng.internal.TestMethodWorker.run(TestMethodWorker.java:104)
	at org.testng.TestRunner.privateRun(TestRunner.java:774)
	at org.testng.TestRunner.run(TestRunner.java:624)
	at org.testng.SuiteRunner.runTest(SuiteRunner.java:359)
	at org.testng.SuiteRunner.runSequentially(SuiteRunner.java:354)
	at org.testng.SuiteRunner.privateRun(SuiteRunner.java:312)
	at org.testng.SuiteRunner.run(SuiteRunner.java:261)
	at org.testng.SuiteRunnerWorker.runSuite(SuiteRunnerWorker.java:52)
	at org.testng.SuiteRunnerWorker.run(SuiteRunnerWorker.java:86)
	at org.testng.TestNG.runSuitesSequentially(TestNG.java:1215)
	at org.testng.TestNG.runSuitesLocally(TestNG.java:1140)
	at org.testng.TestNG.run(TestNG.java:1048)
	at org.testng.remote.AbstractRemoteTestNG.run(AbstractRemoteTestNG.java:132)
	at org.testng.remote.RemoteTestNG.initAndRun(RemoteTestNG.java:236)
	at org.testng.remote.RemoteTestNG.main(RemoteTestNG.java:81)
]]>
    </failure>
  </testcase> <!-- @BeforeClass initializeBase -->
  <testcase name="@BeforeClass beforeTest" time="0.0" classname="com.Test.ForgotPasswordTest">
    <skipped/>
  </testcase> <!-- @BeforeClass beforeTest -->
  <testcase name="@BeforeMethod beforemethod" time="0.0" classname="com.Test.ForgotPasswordTest">
    <skipped/>
  </testcase> <!-- @BeforeMethod beforemethod -->
  <testcase name="@AfterMethod aftermethod" time="0.0" classname="com.Test.ForgotPasswordTest">
    <skipped/>
  </testcase> <!-- @AfterMethod aftermethod -->
  <testcase name="@AfterClass dismiss" time="0.0" classname="com.Test.ForgotPasswordTest">
    <skipped/>
  </testcase> <!-- @AfterClass dismiss -->
  <testcase name="enterinvalidEmail" time="0.008" classname="com.Test.ForgotPasswordTest">
    <skipped/>
  </testcase> <!-- enterinvalidEmail -->
</testsuite> <!-- Default test -->
